
*** Running vivado
    with args -log Exhaustive_Top.vdi -applog -m64 -product Vivado -messageDb vivado.pb -mode batch -source Exhaustive_Top.tcl -notrace



****** Vivado v2022.1 (64-bit)
  **** SW Build 3526262 on Mon Apr 18 15:48:16 MDT 2022
  **** IP Build 3524634 on Mon Apr 18 20:55:01 MDT 2022
    ** Copyright 1986-2022 Xilinx, Inc. All Rights Reserved.

source Exhaustive_Top.tcl -notrace
Command: link_design -top Exhaustive_Top -part xc7a200tsbg484-1
Design is defaulting to srcset: sources_1
Design is defaulting to constrset: constrs_1
INFO: [Device 21-403] Loading part xc7a200tsbg484-1
INFO: [Project 1-454] Reading design checkpoint 'c:/Users/Matthew/Documents/GitHub/FPGA-SAT-Solver-MQP/MQP.gen/sources_1/ip/clk_wiz_0/clk_wiz_0.dcp' for cell 'clock'
Netlist sorting complete. Time (s): cpu = 00:00:00 ; elapsed = 00:00:00.001 . Memory (MB): peak = 1294.477 ; gain = 0.000
INFO: [Netlist 29-17] Analyzing 8 Unisim elements for replacement
INFO: [Netlist 29-28] Unisim Transformation completed in 0 CPU seconds
INFO: [Project 1-479] Netlist was created with Vivado 2022.1
INFO: [Project 1-570] Preparing netlist for logic optimization
Parsing XDC File [c:/Users/Matthew/Documents/GitHub/FPGA-SAT-Solver-MQP/MQP.gen/sources_1/ip/clk_wiz_0/clk_wiz_0_board.xdc] for cell 'clock/inst'
Finished Parsing XDC File [c:/Users/Matthew/Documents/GitHub/FPGA-SAT-Solver-MQP/MQP.gen/sources_1/ip/clk_wiz_0/clk_wiz_0_board.xdc] for cell 'clock/inst'
Parsing XDC File [c:/Users/Matthew/Documents/GitHub/FPGA-SAT-Solver-MQP/MQP.gen/sources_1/ip/clk_wiz_0/clk_wiz_0.xdc] for cell 'clock/inst'
INFO: [Timing 38-35] Done setting XDC timing constraints. [c:/Users/Matthew/Documents/GitHub/FPGA-SAT-Solver-MQP/MQP.gen/sources_1/ip/clk_wiz_0/clk_wiz_0.xdc:57]
INFO: [Timing 38-2] Deriving generated clocks [c:/Users/Matthew/Documents/GitHub/FPGA-SAT-Solver-MQP/MQP.gen/sources_1/ip/clk_wiz_0/clk_wiz_0.xdc:57]
Finished Parsing XDC File [c:/Users/Matthew/Documents/GitHub/FPGA-SAT-Solver-MQP/MQP.gen/sources_1/ip/clk_wiz_0/clk_wiz_0.xdc] for cell 'clock/inst'
Parsing XDC File [C:/Users/Matthew/Documents/GitHub/FPGA-SAT-Solver-MQP/MQP.srcs/constrs_1/new/Nexys_Board.xdc]
Finished Parsing XDC File [C:/Users/Matthew/Documents/GitHub/FPGA-SAT-Solver-MQP/MQP.srcs/constrs_1/new/Nexys_Board.xdc]
INFO: [Opt 31-138] Pushed 0 inverter(s) to 0 load pin(s).
Netlist sorting complete. Time (s): cpu = 00:00:00 ; elapsed = 00:00:00 . Memory (MB): peak = 1545.246 ; gain = 0.000
INFO: [Project 1-111] Unisim Transformation Summary:
No Unisim elements were transformed.

10 Infos, 0 Warnings, 0 Critical Warnings and 0 Errors encountered.
link_design completed successfully
link_design: Time (s): cpu = 00:00:07 ; elapsed = 00:00:08 . Memory (MB): peak = 1545.246 ; gain = 250.770
Command: opt_design
Attempting to get a license for feature 'Implementation' and/or device 'xc7a200t'
INFO: [Common 17-349] Got license for feature 'Implementation' and/or device 'xc7a200t'
Running DRC as a precondition to command opt_design

Starting DRC Task
INFO: [DRC 23-27] Running DRC with 2 threads
INFO: [Project 1-461] DRC finished with 0 Errors
INFO: [Project 1-462] Please refer to the DRC report (report_drc) for more information.

Time (s): cpu = 00:00:01 ; elapsed = 00:00:00.490 . Memory (MB): peak = 1545.246 ; gain = 0.000

Starting Cache Timing Information Task
INFO: [Timing 38-35] Done setting XDC timing constraints.
INFO: [Timing 38-2] Deriving generated clocks
Ending Cache Timing Information Task | Checksum: 2174dc8ba

Time (s): cpu = 00:00:00 ; elapsed = 00:00:00.013 . Memory (MB): peak = 1564.164 ; gain = 18.918

Starting Logic Optimization Task

Phase 1 Retarget
INFO: [Opt 31-138] Pushed 1 inverter(s) to 1 load pin(s).
In IDDR TRANSFORM
INFO: [Opt 31-49] Retargeted 0 cell(s).
Phase 1 Retarget | Checksum: 1a5c9fcac

Time (s): cpu = 00:00:00 ; elapsed = 00:00:00.032 . Memory (MB): peak = 1863.531 ; gain = 0.000
INFO: [Opt 31-389] Phase Retarget created 0 cells and removed 1 cells
INFO: [Opt 31-1021] In phase Retarget, 1 netlist objects are constrained preventing optimization. Please run opt_design with -debug_log to get more detail. 

Phase 2 Constant propagation
INFO: [Opt 31-138] Pushed 0 inverter(s) to 0 load pin(s).
Phase 2 Constant propagation | Checksum: 1a5c9fcac

Time (s): cpu = 00:00:00 ; elapsed = 00:00:00.033 . Memory (MB): peak = 1863.531 ; gain = 0.000
INFO: [Opt 31-389] Phase Constant propagation created 0 cells and removed 0 cells

Phase 3 Sweep
Phase 3 Sweep | Checksum: 1775abf85

Time (s): cpu = 00:00:00 ; elapsed = 00:00:00.037 . Memory (MB): peak = 1863.531 ; gain = 0.000
INFO: [Opt 31-389] Phase Sweep created 0 cells and removed 0 cells

Phase 4 BUFG optimization
Phase 4 BUFG optimization | Checksum: 1775abf85

Time (s): cpu = 00:00:00 ; elapsed = 00:00:00.055 . Memory (MB): peak = 1863.531 ; gain = 0.000
INFO: [Opt 31-662] Phase BUFG optimization created 0 cells of which 0 are BUFGs and removed 0 cells.

Phase 5 Shift Register Optimization
INFO: [Opt 31-1064] SRL Remap converted 0 SRLs to 0 registers and converted 0 registers of register chains to 0 SRLs
Phase 5 Shift Register Optimization | Checksum: 1775abf85

Time (s): cpu = 00:00:00 ; elapsed = 00:00:00.057 . Memory (MB): peak = 1863.531 ; gain = 0.000
INFO: [Opt 31-389] Phase Shift Register Optimization created 0 cells and removed 0 cells

Phase 6 Post Processing Netlist
Phase 6 Post Processing Netlist | Checksum: 1775abf85

Time (s): cpu = 00:00:00 ; elapsed = 00:00:00.058 . Memory (MB): peak = 1863.531 ; gain = 0.000
INFO: [Opt 31-389] Phase Post Processing Netlist created 0 cells and removed 0 cells
Opt_design Change Summary
=========================


-------------------------------------------------------------------------------------------------------------------------
|  Phase                        |  #Cells created  |  #Cells Removed  |  #Constrained objects preventing optimizations  |
-------------------------------------------------------------------------------------------------------------------------
|  Retarget                     |               0  |               1  |                                              1  |
|  Constant propagation         |               0  |               0  |                                              0  |
|  Sweep                        |               0  |               0  |                                              0  |
|  BUFG optimization            |               0  |               0  |                                              0  |
|  Shift Register Optimization  |               0  |               0  |                                              0  |
|  Post Processing Netlist      |               0  |               0  |                                              0  |
-------------------------------------------------------------------------------------------------------------------------



Starting Connectivity Check Task

Time (s): cpu = 00:00:00 ; elapsed = 00:00:00.001 . Memory (MB): peak = 1863.531 ; gain = 0.000
Ending Logic Optimization Task | Checksum: 210a119f2

Time (s): cpu = 00:00:00 ; elapsed = 00:00:00.062 . Memory (MB): peak = 1863.531 ; gain = 0.000

Starting Power Optimization Task
INFO: [Pwropt 34-132] Skipping clock gating for clocks with a period < 2.00 ns.
Ending Power Optimization Task | Checksum: 210a119f2

Time (s): cpu = 00:00:00 ; elapsed = 00:00:00.013 . Memory (MB): peak = 1863.531 ; gain = 0.000

Starting Final Cleanup Task
Ending Final Cleanup Task | Checksum: 210a119f2

Time (s): cpu = 00:00:00 ; elapsed = 00:00:00 . Memory (MB): peak = 1863.531 ; gain = 0.000

Starting Netlist Obfuscation Task
Netlist sorting complete. Time (s): cpu = 00:00:00 ; elapsed = 00:00:00 . Memory (MB): peak = 1863.531 ; gain = 0.000
Ending Netlist Obfuscation Task | Checksum: 210a119f2

Time (s): cpu = 00:00:00 ; elapsed = 00:00:00 . Memory (MB): peak = 1863.531 ; gain = 0.000
INFO: [Common 17-83] Releasing license: Implementation
29 Infos, 0 Warnings, 0 Critical Warnings and 0 Errors encountered.
opt_design completed successfully
INFO: [Timing 38-480] Writing timing data to binary archive.
Writing XDEF routing.
Writing XDEF routing logical nets.
Writing XDEF routing special nets.
Write XDEF Complete: Time (s): cpu = 00:00:01 ; elapsed = 00:00:00.021 . Memory (MB): peak = 1863.531 ; gain = 0.000
INFO: [Common 17-1381] The checkpoint 'C:/Users/Matthew/Documents/GitHub/FPGA-SAT-Solver-MQP/MQP.runs/impl_1/Exhaustive_Top_opt.dcp' has been generated.
INFO: [runtcl-4] Executing : report_drc -file Exhaustive_Top_drc_opted.rpt -pb Exhaustive_Top_drc_opted.pb -rpx Exhaustive_Top_drc_opted.rpx
Command: report_drc -file Exhaustive_Top_drc_opted.rpt -pb Exhaustive_Top_drc_opted.pb -rpx Exhaustive_Top_drc_opted.rpx
INFO: [IP_Flow 19-1839] IP Catalog is up to date.
INFO: [Timing 38-35] Done setting XDC timing constraints.
INFO: [DRC 23-27] Running DRC with 2 threads
INFO: [Vivado_Tcl 2-168] The results of DRC are in file C:/Users/Matthew/Documents/GitHub/FPGA-SAT-Solver-MQP/MQP.runs/impl_1/Exhaustive_Top_drc_opted.rpt.
report_drc completed successfully
Command: place_design
Attempting to get a license for feature 'Implementation' and/or device 'xc7a200t'
INFO: [Common 17-349] Got license for feature 'Implementation' and/or device 'xc7a200t'
INFO: [DRC 23-27] Running DRC with 2 threads
INFO: [Vivado_Tcl 4-198] DRC finished with 0 Errors
INFO: [Vivado_Tcl 4-199] Please refer to the DRC report (report_drc) for more information.
Running DRC as a precondition to command place_design
INFO: [DRC 23-27] Running DRC with 2 threads
INFO: [Vivado_Tcl 4-198] DRC finished with 0 Errors
INFO: [Vivado_Tcl 4-199] Please refer to the DRC report (report_drc) for more information.

Starting Placer Task
INFO: [Place 30-611] Multithreading enabled for place_design using a maximum of 2 CPUs

Phase 1 Placer Initialization

Phase 1.1 Placer Initialization Netlist Sorting
Netlist sorting complete. Time (s): cpu = 00:00:00 ; elapsed = 00:00:00 . Memory (MB): peak = 1904.738 ; gain = 0.000
Phase 1.1 Placer Initialization Netlist Sorting | Checksum: 1a15d9879

Time (s): cpu = 00:00:00 ; elapsed = 00:00:00.015 . Memory (MB): peak = 1904.738 ; gain = 0.000
Netlist sorting complete. Time (s): cpu = 00:00:00 ; elapsed = 00:00:00 . Memory (MB): peak = 1904.738 ; gain = 0.000

Phase 1.2 IO Placement/ Clock Placement/ Build Placer Device
Phase 1.2 IO Placement/ Clock Placement/ Build Placer Device | Checksum: 1503254d6

Time (s): cpu = 00:00:01 ; elapsed = 00:00:00.163 . Memory (MB): peak = 1904.738 ; gain = 0.000

Phase 1.3 Build Placer Netlist Model
Phase 1.3 Build Placer Netlist Model | Checksum: 199057407

Time (s): cpu = 00:00:01 ; elapsed = 00:00:00.250 . Memory (MB): peak = 1904.738 ; gain = 0.000

Phase 1.4 Constrain Clocks/Macros
Phase 1.4 Constrain Clocks/Macros | Checksum: 199057407

Time (s): cpu = 00:00:01 ; elapsed = 00:00:00.253 . Memory (MB): peak = 1904.738 ; gain = 0.000
Phase 1 Placer Initialization | Checksum: 199057407

Time (s): cpu = 00:00:01 ; elapsed = 00:00:00.261 . Memory (MB): peak = 1904.738 ; gain = 0.000

Phase 2 Global Placement

Phase 2.1 Floorplanning
Phase 2.1 Floorplanning | Checksum: 1ee9bef8b

Time (s): cpu = 00:00:01 ; elapsed = 00:00:00.310 . Memory (MB): peak = 1904.738 ; gain = 0.000

Phase 2.2 Update Timing before SLR Path Opt
Phase 2.2 Update Timing before SLR Path Opt | Checksum: 20fb775d0

Time (s): cpu = 00:00:01 ; elapsed = 00:00:00.331 . Memory (MB): peak = 1904.738 ; gain = 0.000

Phase 2.3 Post-Processing in Floorplanning
Phase 2.3 Post-Processing in Floorplanning | Checksum: 20fb775d0

Time (s): cpu = 00:00:01 ; elapsed = 00:00:00.332 . Memory (MB): peak = 1904.738 ; gain = 0.000

Phase 2.4 Global Placement Core

Phase 2.4.1 Physical Synthesis In Placer
INFO: [Physopt 32-1035] Found 0 LUTNM shape to break, 2 LUT instances to create LUTNM shape
INFO: [Physopt 32-1044] Break lutnm for timing: one critical 0, two critical 0, total 0, new lutff created 0
INFO: [Physopt 32-1138] End 1 Pass. Optimized 1 net or LUT. Breaked 0 LUT, combined 1 existing LUT and moved 0 existing LUT
INFO: [Physopt 32-65] No nets found for high-fanout optimization.
INFO: [Physopt 32-232] Optimized 0 net. Created 0 new instance.
INFO: [Physopt 32-775] End 1 Pass. Optimized 0 net or cell. Created 0 new cell, deleted 0 existing cell and moved 0 existing cell
INFO: [Physopt 32-670] No setup violation found.  DSP Register Optimization was not performed.
INFO: [Physopt 32-670] No setup violation found.  Shift Register to Pipeline Optimization was not performed.
INFO: [Physopt 32-670] No setup violation found.  Shift Register Optimization was not performed.
INFO: [Physopt 32-670] No setup violation found.  BRAM Register Optimization was not performed.
INFO: [Physopt 32-670] No setup violation found.  URAM Register Optimization was not performed.
INFO: [Physopt 32-949] No candidate nets found for dynamic/static region interface net replication
INFO: [Physopt 32-775] End 1 Pass. Optimized 0 net or cell. Created 0 new cell, deleted 0 existing cell and moved 0 existing cell
Netlist sorting complete. Time (s): cpu = 00:00:00 ; elapsed = 00:00:00 . Memory (MB): peak = 1904.738 ; gain = 0.000

Summary of Physical Synthesis Optimizations
============================================


-----------------------------------------------------------------------------------------------------------------------------------------------------------
|  Optimization                                     |  Added Cells  |  Removed Cells  |  Optimized Cells/Nets  |  Dont Touch  |  Iterations  |  Elapsed   |
-----------------------------------------------------------------------------------------------------------------------------------------------------------
|  LUT Combining                                    |            0  |              1  |                     1  |           0  |           1  |  00:00:00  |
|  Retime                                           |            0  |              0  |                     0  |           0  |           1  |  00:00:00  |
|  Very High Fanout                                 |            0  |              0  |                     0  |           0  |           1  |  00:00:00  |
|  DSP Register                                     |            0  |              0  |                     0  |           0  |           0  |  00:00:00  |
|  Shift Register to Pipeline                       |            0  |              0  |                     0  |           0  |           0  |  00:00:00  |
|  Shift Register                                   |            0  |              0  |                     0  |           0  |           0  |  00:00:00  |
|  BRAM Register                                    |            0  |              0  |                     0  |           0  |           0  |  00:00:00  |
|  URAM Register                                    |            0  |              0  |                     0  |           0  |           0  |  00:00:00  |
|  Dynamic/Static Region Interface Net Replication  |            0  |              0  |                     0  |           0  |           1  |  00:00:00  |
|  Total                                            |            0  |              1  |                     1  |           0  |           4  |  00:00:00  |
-----------------------------------------------------------------------------------------------------------------------------------------------------------


Phase 2.4.1 Physical Synthesis In Placer | Checksum: 1798c6885

Time (s): cpu = 00:00:01 ; elapsed = 00:00:00.705 . Memory (MB): peak = 1904.738 ; gain = 0.000
Phase 2.4 Global Placement Core | Checksum: 1604a396e

Time (s): cpu = 00:00:01 ; elapsed = 00:00:00.757 . Memory (MB): peak = 1904.738 ; gain = 0.000
Phase 2 Global Placement | Checksum: 1604a396e

Time (s): cpu = 00:00:01 ; elapsed = 00:00:00.762 . Memory (MB): peak = 1904.738 ; gain = 0.000

Phase 3 Detail Placement

Phase 3.1 Commit Multi Column Macros
Phase 3.1 Commit Multi Column Macros | Checksum: 1fabf44de

Time (s): cpu = 00:00:01 ; elapsed = 00:00:00.785 . Memory (MB): peak = 1904.738 ; gain = 0.000

Phase 3.2 Commit Most Macros & LUTRAMs
Phase 3.2 Commit Most Macros & LUTRAMs | Checksum: 21e3fa17e

Time (s): cpu = 00:00:01 ; elapsed = 00:00:00.825 . Memory (MB): peak = 1904.738 ; gain = 0.000

Phase 3.3 Area Swap Optimization
Phase 3.3 Area Swap Optimization | Checksum: 189e542c4

Time (s): cpu = 00:00:01 ; elapsed = 00:00:00.831 . Memory (MB): peak = 1904.738 ; gain = 0.000

Phase 3.4 Pipeline Register Optimization
Phase 3.4 Pipeline Register Optimization | Checksum: 1db21a5d4

Time (s): cpu = 00:00:01 ; elapsed = 00:00:00.832 . Memory (MB): peak = 1904.738 ; gain = 0.000

Phase 3.5 Small Shape Detail Placement
Phase 3.5 Small Shape Detail Placement | Checksum: 17df3d58e

Time (s): cpu = 00:00:01 ; elapsed = 00:00:00.962 . Memory (MB): peak = 1904.738 ; gain = 0.000

Phase 3.6 Re-assign LUT pins
Phase 3.6 Re-assign LUT pins | Checksum: 18f75c4d9

Time (s): cpu = 00:00:01 ; elapsed = 00:00:00.965 . Memory (MB): peak = 1904.738 ; gain = 0.000

Phase 3.7 Pipeline Register Optimization
Phase 3.7 Pipeline Register Optimization | Checksum: 278b95ac9

Time (s): cpu = 00:00:01 ; elapsed = 00:00:00.966 . Memory (MB): peak = 1904.738 ; gain = 0.000
Phase 3 Detail Placement | Checksum: 278b95ac9

Time (s): cpu = 00:00:01 ; elapsed = 00:00:00.966 . Memory (MB): peak = 1904.738 ; gain = 0.000

Phase 4 Post Placement Optimization and Clean-Up

Phase 4.1 Post Commit Optimization
INFO: [Timing 38-35] Done setting XDC timing constraints.

Phase 4.1.1 Post Placement Optimization
Post Placement Optimization Initialization | Checksum: 29e15336f

Phase 4.1.1.1 BUFG Insertion

Starting Physical Synthesis Task

Phase 1 Physical Synthesis Initialization
INFO: [Physopt 32-721] Multithreading enabled for phys_opt_design using a maximum of 2 CPUs
INFO: [Physopt 32-619] Estimated Timing Summary | WNS=6.072 | TNS=0.000 |
Phase 1 Physical Synthesis Initialization | Checksum: 24655c652

Time (s): cpu = 00:00:00 ; elapsed = 00:00:00.011 . Memory (MB): peak = 1905.023 ; gain = 0.000
INFO: [Place 46-56] BUFG insertion identified 0 candidate nets. Inserted BUFG: 0, Replicated BUFG Driver: 0, Skipped due to Placement/Routing Conflicts: 0, Skipped due to Timing Degradation: 0, Skipped due to Illegal Netlist: 0.
Ending Physical Synthesis Task | Checksum: 215838a8b

Time (s): cpu = 00:00:00 ; elapsed = 00:00:00.012 . Memory (MB): peak = 1905.023 ; gain = 0.000
Phase 4.1.1.1 BUFG Insertion | Checksum: 29e15336f

Time (s): cpu = 00:00:02 ; elapsed = 00:00:01 . Memory (MB): peak = 1905.023 ; gain = 0.285

Phase 4.1.1.2 Post Placement Timing Optimization
INFO: [Place 30-746] Post Placement Timing Summary WNS=6.072. For the most accurate timing information please run report_timing.
Phase 4.1.1.2 Post Placement Timing Optimization | Checksum: 1afecbe43

Time (s): cpu = 00:00:02 ; elapsed = 00:00:01 . Memory (MB): peak = 1905.023 ; gain = 0.285

Time (s): cpu = 00:00:02 ; elapsed = 00:00:01 . Memory (MB): peak = 1905.023 ; gain = 0.285
Phase 4.1 Post Commit Optimization | Checksum: 1afecbe43

Time (s): cpu = 00:00:02 ; elapsed = 00:00:01 . Memory (MB): peak = 1905.023 ; gain = 0.285

Phase 4.2 Post Placement Cleanup
Phase 4.2 Post Placement Cleanup | Checksum: 1afecbe43

Time (s): cpu = 00:00:02 ; elapsed = 00:00:01 . Memory (MB): peak = 1905.023 ; gain = 0.285

Phase 4.3 Placer Reporting

Phase 4.3.1 Print Estimated Congestion
INFO: [Place 30-612] Post-Placement Estimated Congestion 
 ____________________________________________________
|           | Global Congestion | Short Congestion  |
| Direction | Region Size       | Region Size       |
|___________|___________________|___________________|
|      North|                1x1|                1x1|
|___________|___________________|___________________|
|      South|                1x1|                1x1|
|___________|___________________|___________________|
|       East|                1x1|                1x1|
|___________|___________________|___________________|
|       West|                1x1|                1x1|
|___________|___________________|___________________|

Phase 4.3.1 Print Estimated Congestion | Checksum: 1afecbe43

Time (s): cpu = 00:00:02 ; elapsed = 00:00:01 . Memory (MB): peak = 1905.023 ; gain = 0.285
Phase 4.3 Placer Reporting | Checksum: 1afecbe43

Time (s): cpu = 00:00:02 ; elapsed = 00:00:01 . Memory (MB): peak = 1905.023 ; gain = 0.285

Phase 4.4 Final Placement Cleanup
Netlist sorting complete. Time (s): cpu = 00:00:00 ; elapsed = 00:00:00.001 . Memory (MB): peak = 1905.023 ; gain = 0.000

Time (s): cpu = 00:00:02 ; elapsed = 00:00:01 . Memory (MB): peak = 1905.023 ; gain = 0.285
Phase 4 Post Placement Optimization and Clean-Up | Checksum: fe2f243e

Time (s): cpu = 00:00:02 ; elapsed = 00:00:01 . Memory (MB): peak = 1905.023 ; gain = 0.285
Ending Placer Task | Checksum: f4826f0d

Time (s): cpu = 00:00:02 ; elapsed = 00:00:01 . Memory (MB): peak = 1905.023 ; gain = 0.285
INFO: [Common 17-83] Releasing license: Implementation
64 Infos, 0 Warnings, 0 Critical Warnings and 0 Errors encountered.
place_design completed successfully
INFO: [Timing 38-480] Writing timing data to binary archive.
Writing XDEF routing.
Writing XDEF routing logical nets.
Writing XDEF routing special nets.
Write XDEF Complete: Time (s): cpu = 00:00:00 ; elapsed = 00:00:00.019 . Memory (MB): peak = 1905.023 ; gain = 0.000
INFO: [Common 17-1381] The checkpoint 'C:/Users/Matthew/Documents/GitHub/FPGA-SAT-Solver-MQP/MQP.runs/impl_1/Exhaustive_Top_placed.dcp' has been generated.
INFO: [runtcl-4] Executing : report_io -file Exhaustive_Top_io_placed.rpt
report_io: Time (s): cpu = 00:00:00 ; elapsed = 00:00:00.030 . Memory (MB): peak = 1905.023 ; gain = 0.000
INFO: [runtcl-4] Executing : report_utilization -file Exhaustive_Top_utilization_placed.rpt -pb Exhaustive_Top_utilization_placed.pb
INFO: [runtcl-4] Executing : report_control_sets -verbose -file Exhaustive_Top_control_sets_placed.rpt
report_control_sets: Time (s): cpu = 00:00:00 ; elapsed = 00:00:00.001 . Memory (MB): peak = 1905.023 ; gain = 0.000
Command: phys_opt_design
Attempting to get a license for feature 'Implementation' and/or device 'xc7a200t'
INFO: [Common 17-349] Got license for feature 'Implementation' and/or device 'xc7a200t'
INFO: [Vivado_Tcl 4-383] Design worst setup slack (WNS) is greater than or equal to 0.000 ns. Skipping all physical synthesis optimizations.
INFO: [Vivado_Tcl 4-232] No setup violation found. The netlist was not modified.
INFO: [Common 17-83] Releasing license: Implementation
73 Infos, 0 Warnings, 0 Critical Warnings and 0 Errors encountered.
phys_opt_design completed successfully
INFO: [Timing 38-480] Writing timing data to binary archive.
Writing XDEF routing.
Writing XDEF routing logical nets.
Writing XDEF routing special nets.
Write XDEF Complete: Time (s): cpu = 00:00:00 ; elapsed = 00:00:00.019 . Memory (MB): peak = 1922.227 ; gain = 14.863
INFO: [Common 17-1381] The checkpoint 'C:/Users/Matthew/Documents/GitHub/FPGA-SAT-Solver-MQP/MQP.runs/impl_1/Exhaustive_Top_physopt.dcp' has been generated.
Command: route_design
Attempting to get a license for feature 'Implementation' and/or device 'xc7a200t'
INFO: [Common 17-349] Got license for feature 'Implementation' and/or device 'xc7a200t'
Running DRC as a precondition to command route_design
INFO: [DRC 23-27] Running DRC with 2 threads
INFO: [Vivado_Tcl 4-198] DRC finished with 0 Errors
INFO: [Vivado_Tcl 4-199] Please refer to the DRC report (report_drc) for more information.


Starting Routing Task
INFO: [Route 35-254] Multithreading enabled for route_design using a maximum of 2 CPUs

Phase 1 Build RT Design
Checksum: PlaceDB: c702ee96 ConstDB: 0 ShapeSum: 2d7f8077 RouteDB: 0
Post Restoration Checksum: NetGraph: ec773856 NumContArr: c76538ff Constraints: 0 Timing: 0
Phase 1 Build RT Design | Checksum: 1b3dc7155

Time (s): cpu = 00:00:36 ; elapsed = 00:00:32 . Memory (MB): peak = 2102.152 ; gain = 170.781

Phase 2 Router Initialization

Phase 2.1 Fix Topology Constraints
Phase 2.1 Fix Topology Constraints | Checksum: 1b3dc7155

Time (s): cpu = 00:00:36 ; elapsed = 00:00:32 . Memory (MB): peak = 2111.137 ; gain = 179.766

Phase 2.2 Pre Route Cleanup
Phase 2.2 Pre Route Cleanup | Checksum: 1b3dc7155

Time (s): cpu = 00:00:36 ; elapsed = 00:00:32 . Memory (MB): peak = 2111.137 ; gain = 179.766
 Number of Nodes with overlaps = 0

Phase 2.3 Update Timing
Phase 2.3 Update Timing | Checksum: 142491dcb

Time (s): cpu = 00:00:36 ; elapsed = 00:00:32 . Memory (MB): peak = 2157.855 ; gain = 226.484
INFO: [Route 35-416] Intermediate Timing Summary | WNS=6.051  | TNS=0.000  | WHS=-0.126 | THS=-2.159 |


Router Utilization Summary
  Global Vertical Routing Utilization    = 6.07349e-05 %
  Global Horizontal Routing Utilization  = 0.000132188 %
  Routable Net Status*
  *Does not include unroutable nets such as driverless and loadless.
  Run report_route_status for detailed report.
  Number of Failed Nets               = 72
    (Failed Nets is the sum of unrouted and partially routed nets)
  Number of Unrouted Nets             = 71
  Number of Partially Routed Nets     = 1
  Number of Node Overlaps             = 0

Phase 2 Router Initialization | Checksum: 19f2aedf9

Time (s): cpu = 00:00:36 ; elapsed = 00:00:32 . Memory (MB): peak = 2157.855 ; gain = 226.484

Phase 3 Initial Routing

Phase 3.1 Global Routing
Phase 3.1 Global Routing | Checksum: 19f2aedf9

Time (s): cpu = 00:00:36 ; elapsed = 00:00:32 . Memory (MB): peak = 2157.855 ; gain = 226.484
Phase 3 Initial Routing | Checksum: 1b6a056ef

Time (s): cpu = 00:00:37 ; elapsed = 00:00:32 . Memory (MB): peak = 2157.855 ; gain = 226.484

Phase 4 Rip-up And Reroute

Phase 4.1 Global Iteration 0
 Number of Nodes with overlaps = 6
 Number of Nodes with overlaps = 0
INFO: [Route 35-416] Intermediate Timing Summary | WNS=5.812  | TNS=0.000  | WHS=N/A    | THS=N/A    |

Phase 4.1 Global Iteration 0 | Checksum: afa6626b

Time (s): cpu = 00:00:37 ; elapsed = 00:00:32 . Memory (MB): peak = 2157.855 ; gain = 226.484
Phase 4 Rip-up And Reroute | Checksum: afa6626b

Time (s): cpu = 00:00:37 ; elapsed = 00:00:32 . Memory (MB): peak = 2157.855 ; gain = 226.484

Phase 5 Delay and Skew Optimization

Phase 5.1 Delay CleanUp
Phase 5.1 Delay CleanUp | Checksum: afa6626b

Time (s): cpu = 00:00:37 ; elapsed = 00:00:32 . Memory (MB): peak = 2157.855 ; gain = 226.484

Phase 5.2 Clock Skew Optimization
Phase 5.2 Clock Skew Optimization | Checksum: afa6626b

Time (s): cpu = 00:00:37 ; elapsed = 00:00:32 . Memory (MB): peak = 2157.855 ; gain = 226.484
Phase 5 Delay and Skew Optimization | Checksum: afa6626b

Time (s): cpu = 00:00:37 ; elapsed = 00:00:32 . Memory (MB): peak = 2157.855 ; gain = 226.484

Phase 6 Post Hold Fix

Phase 6.1 Hold Fix Iter

Phase 6.1.1 Update Timing
Phase 6.1.1 Update Timing | Checksum: 5f587880

Time (s): cpu = 00:00:37 ; elapsed = 00:00:32 . Memory (MB): peak = 2157.855 ; gain = 226.484
INFO: [Route 35-416] Intermediate Timing Summary | WNS=5.913  | TNS=0.000  | WHS=0.149  | THS=0.000  |

Phase 6.1 Hold Fix Iter | Checksum: 5f587880

Time (s): cpu = 00:00:37 ; elapsed = 00:00:32 . Memory (MB): peak = 2157.855 ; gain = 226.484
Phase 6 Post Hold Fix | Checksum: 5f587880

Time (s): cpu = 00:00:37 ; elapsed = 00:00:32 . Memory (MB): peak = 2157.855 ; gain = 226.484

Phase 7 Route finalize

Router Utilization Summary
  Global Vertical Routing Utilization    = 0.012977 %
  Global Horizontal Routing Utilization  = 0.0143754 %
  Routable Net Status*
  *Does not include unroutable nets such as driverless and loadless.
  Run report_route_status for detailed report.
  Number of Failed Nets               = 0
    (Failed Nets is the sum of unrouted and partially routed nets)
  Number of Unrouted Nets             = 0
  Number of Partially Routed Nets     = 0
  Number of Node Overlaps             = 0

Phase 7 Route finalize | Checksum: dd86c031

Time (s): cpu = 00:00:37 ; elapsed = 00:00:32 . Memory (MB): peak = 2157.855 ; gain = 226.484

Phase 8 Verifying routed nets

 Verification completed successfully
Phase 8 Verifying routed nets | Checksum: dd86c031

Time (s): cpu = 00:00:37 ; elapsed = 00:00:32 . Memory (MB): peak = 2157.855 ; gain = 226.484

Phase 9 Depositing Routes
Phase 9 Depositing Routes | Checksum: 1aab514d7

Time (s): cpu = 00:00:37 ; elapsed = 00:00:32 . Memory (MB): peak = 2157.855 ; gain = 226.484

Phase 10 Post Router Timing
INFO: [Route 35-57] Estimated Timing Summary | WNS=5.913  | TNS=0.000  | WHS=0.149  | THS=0.000  |

INFO: [Route 35-327] The final timing numbers are based on the router estimated timing analysis. For a complete and accurate timing signoff, please run report_timing_summary.
Phase 10 Post Router Timing | Checksum: 1aab514d7

Time (s): cpu = 00:00:37 ; elapsed = 00:00:32 . Memory (MB): peak = 2157.855 ; gain = 226.484
INFO: [Route 35-16] Router Completed Successfully

Time (s): cpu = 00:00:37 ; elapsed = 00:00:32 . Memory (MB): peak = 2157.855 ; gain = 226.484

Routing Is Done.
INFO: [Common 17-83] Releasing license: Implementation
87 Infos, 0 Warnings, 0 Critical Warnings and 0 Errors encountered.
route_design completed successfully
route_design: Time (s): cpu = 00:00:38 ; elapsed = 00:00:33 . Memory (MB): peak = 2157.855 ; gain = 235.629
INFO: [Timing 38-480] Writing timing data to binary archive.
Writing XDEF routing.
Writing XDEF routing logical nets.
Writing XDEF routing special nets.
Write XDEF Complete: Time (s): cpu = 00:00:00 ; elapsed = 00:00:00.021 . Memory (MB): peak = 2157.855 ; gain = 0.000
INFO: [Common 17-1381] The checkpoint 'C:/Users/Matthew/Documents/GitHub/FPGA-SAT-Solver-MQP/MQP.runs/impl_1/Exhaustive_Top_routed.dcp' has been generated.
INFO: [runtcl-4] Executing : report_drc -file Exhaustive_Top_drc_routed.rpt -pb Exhaustive_Top_drc_routed.pb -rpx Exhaustive_Top_drc_routed.rpx
Command: report_drc -file Exhaustive_Top_drc_routed.rpt -pb Exhaustive_Top_drc_routed.pb -rpx Exhaustive_Top_drc_routed.rpx
INFO: [IP_Flow 19-1839] IP Catalog is up to date.
INFO: [DRC 23-27] Running DRC with 2 threads
INFO: [Vivado_Tcl 2-168] The results of DRC are in file C:/Users/Matthew/Documents/GitHub/FPGA-SAT-Solver-MQP/MQP.runs/impl_1/Exhaustive_Top_drc_routed.rpt.
report_drc completed successfully
INFO: [runtcl-4] Executing : report_methodology -file Exhaustive_Top_methodology_drc_routed.rpt -pb Exhaustive_Top_methodology_drc_routed.pb -rpx Exhaustive_Top_methodology_drc_routed.rpx
Command: report_methodology -file Exhaustive_Top_methodology_drc_routed.rpt -pb Exhaustive_Top_methodology_drc_routed.pb -rpx Exhaustive_Top_methodology_drc_routed.rpx
INFO: [Timing 38-35] Done setting XDC timing constraints.
INFO: [DRC 23-133] Running Methodology with 2 threads
INFO: [Vivado_Tcl 2-1520] The results of Report Methodology are in file C:/Users/Matthew/Documents/GitHub/FPGA-SAT-Solver-MQP/MQP.runs/impl_1/Exhaustive_Top_methodology_drc_routed.rpt.
report_methodology completed successfully
INFO: [runtcl-4] Executing : report_power -file Exhaustive_Top_power_routed.rpt -pb Exhaustive_Top_power_summary_routed.pb -rpx Exhaustive_Top_power_routed.rpx
Command: report_power -file Exhaustive_Top_power_routed.rpt -pb Exhaustive_Top_power_summary_routed.pb -rpx Exhaustive_Top_power_routed.rpx
INFO: [Timing 38-35] Done setting XDC timing constraints.
Running Vector-less Activity Propagation...

Finished Running Vector-less Activity Propagation
99 Infos, 0 Warnings, 0 Critical Warnings and 0 Errors encountered.
report_power completed successfully
INFO: [runtcl-4] Executing : report_route_status -file Exhaustive_Top_route_status.rpt -pb Exhaustive_Top_route_status.pb
INFO: [runtcl-4] Executing : report_timing_summary -max_paths 10 -report_unconstrained -file Exhaustive_Top_timing_summary_routed.rpt -pb Exhaustive_Top_timing_summary_routed.pb -rpx Exhaustive_Top_timing_summary_routed.rpx -warn_on_violation 
INFO: [Timing 38-91] UpdateTimingParams: Speed grade: -1, Delay Type: min_max.
INFO: [Timing 38-191] Multithreading enabled for timing update using a maximum of 2 CPUs
INFO: [runtcl-4] Executing : report_incremental_reuse -file Exhaustive_Top_incremental_reuse_routed.rpt
INFO: [Vivado_Tcl 4-1062] Incremental flow is disabled. No incremental reuse Info to report.
INFO: [runtcl-4] Executing : report_clock_utilization -file Exhaustive_Top_clock_utilization_routed.rpt
INFO: [runtcl-4] Executing : report_bus_skew -warn_on_violation -file Exhaustive_Top_bus_skew_routed.rpt -pb Exhaustive_Top_bus_skew_routed.pb -rpx Exhaustive_Top_bus_skew_routed.rpx
INFO: [Timing 38-91] UpdateTimingParams: Speed grade: -1, Delay Type: min_max.
INFO: [Timing 38-191] Multithreading enabled for timing update using a maximum of 2 CPUs
INFO: [Common 17-206] Exiting Vivado at Wed Nov 15 00:15:43 2023...
