Time resolution is 1 ps
0001000
0001100
0001110
0001111
0010100
0010110
0010111
0011010
0011011
0011101
0100100
0100110
0100111
0101010
0101011
0101101
0110010
0110011
0110101
0111001
1000100
1000110
1000111
1001010
1001011
1001101
1010010
1010011
1010101
1011001
1100010
1100011
1100101
1101001
1110001
$stop called at time : 635 ns : File "C:/Users/mtlun/Documents/MQP/MQP/MQP.srcs/sim_1/new/hamming_sim.v" Line 46
0001000
0001100
0001110
0001111
0010100
0010110
0010111
0011010
0011011
0011101
0100100
0100110
0100111
0101010
0101011
0101101
0110010
0110011
0110101
0111001
1000100
1000110
1000111
1001010
1001011
1001101
1010010
1010011
1010101
1011001
1100010
1100011
1100101
1101001
1110001
$stop called at time : 635 ns : File "C:/Users/mtlun/Documents/MQP/MQP/MQP.srcs/sim_1/new/hamming_sim.v" Line 46
